Running update_loans
In update loans
Sending reminder email. Date:
2024-06-14 10:02:02.054655
Completed update_loans
Completed with emails: {'count': 1}
=========================================

Running update_loans
In update loans
Completed update_loans
Completed with emails: {'count': 0}
=========================================

Running update_loans
In update loans
Completed update_loans
Completed with emails: {'count': 0}
=========================================

Running update_loans
In update loans
Completed update_loans
Completed with emails: {'count': 0}
=========================================

System check identified some issues:

WARNINGS:
?: (staticfiles.W004) The directory '/home/nomena/Matostheque_App/fronttheque/.next/static' in the STATICFILES_DIRS setting does not exist.
Running update_loans
In update loans
Completed update_loans
Completed with emails: {'count': 0}
=========================================

Running update_loans
In update loans
Completed update_loans
Completed with emails: {'count': 0}
=========================================

Running update_loans
In update loans
Completed update_loans
Completed with emails: {'count': 0}
=========================================

Running update_loans
In update loans
Completed update_loans
Completed with emails: {'count': 0}
=========================================

Running update_loans
In update loans
Completed update_loans
Completed with emails: {'count': 0}
=========================================

Running update_loans
In update loans
Completed update_loans
Completed with emails: {'count': 0}
=========================================

Running update_loans
In update loans
Completed update_loans
Completed with emails: {'count': 0}
=========================================

Running update_loans
In update loans
Completed update_loans
Completed with emails: {'count': 0}
=========================================

Running update_loans
In update loans
Completed update_loans
Completed with emails: {'count': 0}
=========================================

Running update_loans
In update loans
Completed update_loans
Completed with emails: {'count': 0}
=========================================

Running update_loans
In update loans
Completed update_loans
Completed with emails: {'count': 0}
=========================================

Running update_loans
In update loans
Completed update_loans
Completed with emails: {'count': 0}
=========================================

Running update_loans
In update loans
Completed update_loans
Completed with emails: {'count': 0}
=========================================

Running update_loans
In update loans
Completed update_loans
Completed with emails: {'count': 0}
=========================================

Running update_loans
In update loans
Completed update_loans
Completed with emails: {'count': 0}
=========================================

Running update_loans
In update loans
Completed update_loans
Completed with emails: {'count': 0}
=========================================

Running update_loans
In update loans
Completed update_loans
Completed with emails: {'count': 0}
=========================================

Running update_loans
In update loans
Completed update_loans
Completed with emails: {'count': 0}
=========================================

Running update_loans
In update loans
Completed update_loans
Completed with emails: {'count': 0}
=========================================

Running update_loans
In update loans
Completed update_loans
Completed with emails: {'count': 0}
=========================================

Running update_loans
In update loans
Completed update_loans
Completed with emails: {'count': 0}
=========================================

Running update_loans
In update loans
Completed update_loans
Completed with emails: {'count': 0}
=========================================

Running update_loans
In update loans
Completed update_loans
Completed with emails: {'count': 0}
=========================================

Running update_loans
In update loans
Completed update_loans
Completed with emails: {'count': 0}
=========================================

Running update_loans
In update loans
Completed update_loans
Completed with emails: {'count': 0}
=========================================

Running update_loans
In update loans
Completed update_loans
Completed with emails: {'count': 0}
=========================================

Running update_loans
In update loans
Completed update_loans
Completed with emails: {'count': 0}
=========================================

Running update_loans
In update loans
Completed update_loans
Completed with emails: {'count': 0}
=========================================

Running update_loans
In update loans
Completed update_loans
Completed with emails: {'count': 0}
=========================================

Running update_loans
In update loans
Completed update_loans
Completed with emails: {'count': 0}
=========================================

Running update_loans
In update loans
Completed update_loans
Completed with emails: {'count': 0}
=========================================

Running update_loans
In update loans
Completed update_loans
Completed with emails: {'count': 0}
=========================================

Running update_loans
In update loans
Completed update_loans
Completed with emails: {'count': 0}
=========================================

Running update_loans
In update loans
Completed update_loans
Completed with emails: {'count': 0}
=========================================

Running update_loans
In update loans
Completed update_loans
Completed with emails: {'count': 0}
=========================================

Running update_loans
In update loans
Completed update_loans
Completed with emails: {'count': 0}
=========================================

Running update_loans
In update loans
Completed update_loans
Completed with emails: {'count': 0}
=========================================

Running update_loans
In update loans
Traceback (most recent call last):
  File "/home/nomena/Matostheque_App/matostheque_venv/lib/python3.12/site-packages/django/db/backends/base/base.py", line 275, in ensure_connection
    self.connect()
  File "/home/nomena/Matostheque_App/matostheque_venv/lib/python3.12/site-packages/django/utils/asyncio.py", line 26, in inner
    return func(*args, **kwargs)
           ^^^^^^^^^^^^^^^^^^^^^
  File "/home/nomena/Matostheque_App/matostheque_venv/lib/python3.12/site-packages/django/db/backends/base/base.py", line 256, in connect
    self.connection = self.get_new_connection(conn_params)
                      ^^^^^^^^^^^^^^^^^^^^^^^^^^^^^^^^^^^^
  File "/home/nomena/Matostheque_App/matostheque_venv/lib/python3.12/site-packages/django/utils/asyncio.py", line 26, in inner
    return func(*args, **kwargs)
           ^^^^^^^^^^^^^^^^^^^^^
  File "/home/nomena/Matostheque_App/matostheque_venv/lib/python3.12/site-packages/django/db/backends/postgresql/base.py", line 277, in get_new_connection
    connection = self.Database.connect(**conn_params)
                 ^^^^^^^^^^^^^^^^^^^^^^^^^^^^^^^^^^^^
  File "/home/nomena/Matostheque_App/matostheque_venv/lib/python3.12/site-packages/psycopg2/__init__.py", line 122, in connect
    conn = _connect(dsn, connection_factory=connection_factory, **kwasync)
           ^^^^^^^^^^^^^^^^^^^^^^^^^^^^^^^^^^^^^^^^^^^^^^^^^^^^^^^^^^^^^^^
psycopg2.OperationalError: connection to server at "localhost" (::1), port 5432 failed: Connection refused
	Is the server running on that host and accepting TCP/IP connections?
connection to server at "localhost" (127.0.0.1), port 5432 failed: Connection refused
	Is the server running on that host and accepting TCP/IP connections?


The above exception was the direct cause of the following exception:

Traceback (most recent call last):
  File "/home/nomena/Matostheque_App/manage.py", line 15, in <module>
    execute_from_command_line(sys.argv)
  File "/home/nomena/Matostheque_App/matostheque_venv/lib/python3.12/site-packages/django/core/management/__init__.py", line 442, in execute_from_command_line
    utility.execute()
  File "/home/nomena/Matostheque_App/matostheque_venv/lib/python3.12/site-packages/django/core/management/__init__.py", line 436, in execute
    self.fetch_command(subcommand).run_from_argv(self.argv)
  File "/home/nomena/Matostheque_App/matostheque_venv/lib/python3.12/site-packages/django/core/management/base.py", line 413, in run_from_argv
    self.execute(*args, **cmd_options)
  File "/home/nomena/Matostheque_App/matostheque_venv/lib/python3.12/site-packages/django/core/management/base.py", line 459, in execute
    output = self.handle(*args, **options)
             ^^^^^^^^^^^^^^^^^^^^^^^^^^^^^
  File "/home/nomena/Matostheque_App/Matostheque/management/commands/update_loans.py", line 28, in handle
    update_loans(email_count)
  File "/home/nomena/Matostheque_App/Matostheque/views/loan_views.py", line 147, in update_loans
    for loan in loans:
  File "/home/nomena/Matostheque_App/matostheque_venv/lib/python3.12/site-packages/django/db/models/query.py", line 400, in __iter__
    self._fetch_all()
  File "/home/nomena/Matostheque_App/matostheque_venv/lib/python3.12/site-packages/django/db/models/query.py", line 1928, in _fetch_all
    self._result_cache = list(self._iterable_class(self))
                         ^^^^^^^^^^^^^^^^^^^^^^^^^^^^^^^^
  File "/home/nomena/Matostheque_App/matostheque_venv/lib/python3.12/site-packages/django/db/models/query.py", line 91, in __iter__
    results = compiler.execute_sql(
              ^^^^^^^^^^^^^^^^^^^^^
  File "/home/nomena/Matostheque_App/matostheque_venv/lib/python3.12/site-packages/django/db/models/sql/compiler.py", line 1560, in execute_sql
    cursor = self.connection.cursor()
             ^^^^^^^^^^^^^^^^^^^^^^^^
  File "/home/nomena/Matostheque_App/matostheque_venv/lib/python3.12/site-packages/django/utils/asyncio.py", line 26, in inner
    return func(*args, **kwargs)
           ^^^^^^^^^^^^^^^^^^^^^
  File "/home/nomena/Matostheque_App/matostheque_venv/lib/python3.12/site-packages/django/db/backends/base/base.py", line 316, in cursor
    return self._cursor()
           ^^^^^^^^^^^^^^
  File "/home/nomena/Matostheque_App/matostheque_venv/lib/python3.12/site-packages/django/db/backends/base/base.py", line 292, in _cursor
    self.ensure_connection()
  File "/home/nomena/Matostheque_App/matostheque_venv/lib/python3.12/site-packages/django/utils/asyncio.py", line 26, in inner
    return func(*args, **kwargs)
           ^^^^^^^^^^^^^^^^^^^^^
  File "/home/nomena/Matostheque_App/matostheque_venv/lib/python3.12/site-packages/django/db/backends/base/base.py", line 274, in ensure_connection
    with self.wrap_database_errors:
  File "/home/nomena/Matostheque_App/matostheque_venv/lib/python3.12/site-packages/django/db/utils.py", line 91, in __exit__
    raise dj_exc_value.with_traceback(traceback) from exc_value
  File "/home/nomena/Matostheque_App/matostheque_venv/lib/python3.12/site-packages/django/db/backends/base/base.py", line 275, in ensure_connection
    self.connect()
  File "/home/nomena/Matostheque_App/matostheque_venv/lib/python3.12/site-packages/django/utils/asyncio.py", line 26, in inner
    return func(*args, **kwargs)
           ^^^^^^^^^^^^^^^^^^^^^
  File "/home/nomena/Matostheque_App/matostheque_venv/lib/python3.12/site-packages/django/db/backends/base/base.py", line 256, in connect
    self.connection = self.get_new_connection(conn_params)
                      ^^^^^^^^^^^^^^^^^^^^^^^^^^^^^^^^^^^^
  File "/home/nomena/Matostheque_App/matostheque_venv/lib/python3.12/site-packages/django/utils/asyncio.py", line 26, in inner
    return func(*args, **kwargs)
           ^^^^^^^^^^^^^^^^^^^^^
  File "/home/nomena/Matostheque_App/matostheque_venv/lib/python3.12/site-packages/django/db/backends/postgresql/base.py", line 277, in get_new_connection
    connection = self.Database.connect(**conn_params)
                 ^^^^^^^^^^^^^^^^^^^^^^^^^^^^^^^^^^^^
  File "/home/nomena/Matostheque_App/matostheque_venv/lib/python3.12/site-packages/psycopg2/__init__.py", line 122, in connect
    conn = _connect(dsn, connection_factory=connection_factory, **kwasync)
           ^^^^^^^^^^^^^^^^^^^^^^^^^^^^^^^^^^^^^^^^^^^^^^^^^^^^^^^^^^^^^^^
django.db.utils.OperationalError: connection to server at "localhost" (::1), port 5432 failed: Connection refused
	Is the server running on that host and accepting TCP/IP connections?
connection to server at "localhost" (127.0.0.1), port 5432 failed: Connection refused
	Is the server running on that host and accepting TCP/IP connections?

Running update_loans
In update loans
Completed update_loans
Completed with emails: {'count': 0}
=========================================

Running update_loans
In update loans
Completed update_loans
Completed with emails: {'count': 0}
=========================================

Running update_loans
In update loans
Completed update_loans
Completed with emails: {'count': 0}
=========================================

Running update_loans
In update loans
Completed update_loans
Completed with emails: {'count': 0}
=========================================

Running update_loans
In update loans
Completed update_loans
Completed with emails: {'count': 0}
=========================================

Running update_loans
In update loans
Completed update_loans
Completed with emails: {'count': 0}
=========================================

Running update_loans
In update loans
Completed update_loans
Completed with emails: {'count': 0}
=========================================

Running update_loans
In update loans
Completed update_loans
Completed with emails: {'count': 0}
=========================================

Running update_loans
In update loans
Completed update_loans
Completed with emails: {'count': 0}
=========================================

Running update_loans
In update loans
Completed update_loans
Completed with emails: {'count': 0}
=========================================

Running update_loans
In update loans
Traceback (most recent call last):
  File "/home/nomena/Matostheque_App/manage.py", line 15, in <module>
    execute_from_command_line(sys.argv)
  File "/home/nomena/Matostheque_App/matostheque_venv/lib/python3.12/site-packages/django/core/management/__init__.py", line 442, in execute_from_command_line
    utility.execute()
  File "/home/nomena/Matostheque_App/matostheque_venv/lib/python3.12/site-packages/django/core/management/__init__.py", line 436, in execute
    self.fetch_command(subcommand).run_from_argv(self.argv)
  File "/home/nomena/Matostheque_App/matostheque_venv/lib/python3.12/site-packages/django/core/management/base.py", line 413, in run_from_argv
    self.execute(*args, **cmd_options)
  File "/home/nomena/Matostheque_App/matostheque_venv/lib/python3.12/site-packages/django/core/management/base.py", line 459, in execute
    output = self.handle(*args, **options)
             ^^^^^^^^^^^^^^^^^^^^^^^^^^^^^
  File "/home/nomena/Matostheque_App/Matostheque/management/commands/update_loans.py", line 28, in handle
    update_loans(email_count)
  File "/home/nomena/Matostheque_App/Matostheque/views/loan_views.py", line 149, in update_loans
    check_if_should_be_returned(loan, email_count)
  File "/home/nomena/Matostheque_App/Matostheque/controllers/loans_controller.py", line 271, in check_if_should_be_returned
    send_reminder_email(loan)
  File "/home/nomena/Matostheque_App/Matostheque/controllers/emails_controller.py", line 69, in send_reminder_email
    send_mail(subject, plain_message, from_email, [to_email], html_message=html_message) # commenting sendig the email
    ^^^^^^^^^^^^^^^^^^^^^^^^^^^^^^^^^^^^^^^^^^^^^^^^^^^^^^^^^^^^^^^^^^^^^^^^^^^^^^^^^^^^
  File "/home/nomena/Matostheque_App/matostheque_venv/lib/python3.12/site-packages/django/core/mail/__init__.py", line 88, in send_mail
    return mail.send()
           ^^^^^^^^^^^
  File "/home/nomena/Matostheque_App/matostheque_venv/lib/python3.12/site-packages/django/core/mail/message.py", line 300, in send
    return self.get_connection(fail_silently).send_messages([self])
           ^^^^^^^^^^^^^^^^^^^^^^^^^^^^^^^^^^^^^^^^^^^^^^^^^^^^^^^^
  File "/home/nomena/Matostheque_App/matostheque_venv/lib/python3.12/site-packages/django/core/mail/backends/smtp.py", line 128, in send_messages
    new_conn_created = self.open()
                       ^^^^^^^^^^^
  File "/home/nomena/Matostheque_App/matostheque_venv/lib/python3.12/site-packages/django/core/mail/backends/smtp.py", line 86, in open
    self.connection = self.connection_class(
                      ^^^^^^^^^^^^^^^^^^^^^^
  File "/home/nomena/python/lib/python3.12/smtplib.py", line 255, in __init__
    (code, msg) = self.connect(host, port)
                  ^^^^^^^^^^^^^^^^^^^^^^^^
  File "/home/nomena/python/lib/python3.12/smtplib.py", line 341, in connect
    self.sock = self._get_socket(host, port, self.timeout)
                ^^^^^^^^^^^^^^^^^^^^^^^^^^^^^^^^^^^^^^^^^^
  File "/home/nomena/python/lib/python3.12/smtplib.py", line 312, in _get_socket
    return socket.create_connection((host, port), timeout,
           ^^^^^^^^^^^^^^^^^^^^^^^^^^^^^^^^^^^^^^^^^^^^^^^
  File "/home/nomena/python/lib/python3.12/socket.py", line 852, in create_connection
    raise exceptions[0]
  File "/home/nomena/python/lib/python3.12/socket.py", line 837, in create_connection
    sock.connect(sa)
ConnectionRefusedError: [Errno 111] Connection refused
Running update_loans
In update loans
Completed update_loans
Completed with emails: {'count': 0}
=========================================

Running update_loans
In update loans
Traceback (most recent call last):
  File "/home/nomena/Matostheque_App/manage.py", line 15, in <module>
    execute_from_command_line(sys.argv)
  File "/home/nomena/Matostheque_App/matostheque_venv/lib/python3.12/site-packages/django/core/management/__init__.py", line 442, in execute_from_command_line
    utility.execute()
  File "/home/nomena/Matostheque_App/matostheque_venv/lib/python3.12/site-packages/django/core/management/__init__.py", line 436, in execute
    self.fetch_command(subcommand).run_from_argv(self.argv)
  File "/home/nomena/Matostheque_App/matostheque_venv/lib/python3.12/site-packages/django/core/management/base.py", line 413, in run_from_argv
    self.execute(*args, **cmd_options)
  File "/home/nomena/Matostheque_App/matostheque_venv/lib/python3.12/site-packages/django/core/management/base.py", line 459, in execute
    output = self.handle(*args, **options)
             ^^^^^^^^^^^^^^^^^^^^^^^^^^^^^
  File "/home/nomena/Matostheque_App/Matostheque/management/commands/update_loans.py", line 28, in handle
    update_loans(email_count)
  File "/home/nomena/Matostheque_App/Matostheque/views/loan_views.py", line 149, in update_loans
    check_if_should_be_returned(loan, email_count)
  File "/home/nomena/Matostheque_App/Matostheque/controllers/loans_controller.py", line 271, in check_if_should_be_returned
    send_reminder_email(loan)
  File "/home/nomena/Matostheque_App/Matostheque/controllers/emails_controller.py", line 69, in send_reminder_email
    send_mail(subject, plain_message, from_email, [to_email], html_message=html_message) # commenting sendig the email
    ^^^^^^^^^^^^^^^^^^^^^^^^^^^^^^^^^^^^^^^^^^^^^^^^^^^^^^^^^^^^^^^^^^^^^^^^^^^^^^^^^^^^
  File "/home/nomena/Matostheque_App/matostheque_venv/lib/python3.12/site-packages/django/core/mail/__init__.py", line 88, in send_mail
    return mail.send()
           ^^^^^^^^^^^
  File "/home/nomena/Matostheque_App/matostheque_venv/lib/python3.12/site-packages/django/core/mail/message.py", line 300, in send
    return self.get_connection(fail_silently).send_messages([self])
           ^^^^^^^^^^^^^^^^^^^^^^^^^^^^^^^^^^^^^^^^^^^^^^^^^^^^^^^^
  File "/home/nomena/Matostheque_App/matostheque_venv/lib/python3.12/site-packages/django/core/mail/backends/smtp.py", line 128, in send_messages
    new_conn_created = self.open()
                       ^^^^^^^^^^^
  File "/home/nomena/Matostheque_App/matostheque_venv/lib/python3.12/site-packages/django/core/mail/backends/smtp.py", line 86, in open
    self.connection = self.connection_class(
                      ^^^^^^^^^^^^^^^^^^^^^^
  File "/home/nomena/python/lib/python3.12/smtplib.py", line 255, in __init__
    (code, msg) = self.connect(host, port)
                  ^^^^^^^^^^^^^^^^^^^^^^^^
  File "/home/nomena/python/lib/python3.12/smtplib.py", line 341, in connect
    self.sock = self._get_socket(host, port, self.timeout)
                ^^^^^^^^^^^^^^^^^^^^^^^^^^^^^^^^^^^^^^^^^^
  File "/home/nomena/python/lib/python3.12/smtplib.py", line 312, in _get_socket
    return socket.create_connection((host, port), timeout,
           ^^^^^^^^^^^^^^^^^^^^^^^^^^^^^^^^^^^^^^^^^^^^^^^
  File "/home/nomena/python/lib/python3.12/socket.py", line 852, in create_connection
    raise exceptions[0]
  File "/home/nomena/python/lib/python3.12/socket.py", line 837, in create_connection
    sock.connect(sa)
ConnectionRefusedError: [Errno 111] Connection refused
Running update_loans
In update loans
Completed update_loans
Completed with emails: {'count': 0}
=========================================

Running update_loans
In update loans
Completed update_loans
Completed with emails: {'count': 0}
=========================================

Running update_loans
In update loans
Completed update_loans
Completed with emails: {'count': 0}
=========================================

Running update_loans
In update loans
Completed update_loans
Completed with emails: {'count': 0}
=========================================

Running update_loans
In update loans
Completed update_loans
Completed with emails: {'count': 0}
=========================================

Running update_loans
In update loans
Completed update_loans
Completed with emails: {'count': 0}
=========================================

Running update_loans
In update loans
Traceback (most recent call last):
  File "/home/nomena/Matostheque_App/manage.py", line 15, in <module>
    execute_from_command_line(sys.argv)
  File "/home/nomena/Matostheque_App/matostheque_venv/lib/python3.12/site-packages/django/core/management/__init__.py", line 442, in execute_from_command_line
    utility.execute()
  File "/home/nomena/Matostheque_App/matostheque_venv/lib/python3.12/site-packages/django/core/management/__init__.py", line 436, in execute
    self.fetch_command(subcommand).run_from_argv(self.argv)
  File "/home/nomena/Matostheque_App/matostheque_venv/lib/python3.12/site-packages/django/core/management/base.py", line 413, in run_from_argv
    self.execute(*args, **cmd_options)
  File "/home/nomena/Matostheque_App/matostheque_venv/lib/python3.12/site-packages/django/core/management/base.py", line 459, in execute
    output = self.handle(*args, **options)
             ^^^^^^^^^^^^^^^^^^^^^^^^^^^^^
  File "/home/nomena/Matostheque_App/Matostheque/management/commands/update_loans.py", line 28, in handle
    update_loans(email_count)
  File "/home/nomena/Matostheque_App/Matostheque/views/loan_views.py", line 149, in update_loans
    check_if_should_be_returned(loan, email_count)
  File "/home/nomena/Matostheque_App/Matostheque/controllers/loans_controller.py", line 271, in check_if_should_be_returned
    send_reminder_email(loan)
  File "/home/nomena/Matostheque_App/Matostheque/controllers/emails_controller.py", line 85, in send_reminder_email
    send_mail(subject, plain_message, from_email, [to_email], html_message=html_message) # commenting sendig the email
    ^^^^^^^^^^^^^^^^^^^^^^^^^^^^^^^^^^^^^^^^^^^^^^^^^^^^^^^^^^^^^^^^^^^^^^^^^^^^^^^^^^^^
  File "/home/nomena/Matostheque_App/matostheque_venv/lib/python3.12/site-packages/django/core/mail/__init__.py", line 88, in send_mail
    return mail.send()
           ^^^^^^^^^^^
  File "/home/nomena/Matostheque_App/matostheque_venv/lib/python3.12/site-packages/django/core/mail/message.py", line 300, in send
    return self.get_connection(fail_silently).send_messages([self])
           ^^^^^^^^^^^^^^^^^^^^^^^^^^^^^^^^^^^^^^^^^^^^^^^^^^^^^^^^
  File "/home/nomena/Matostheque_App/matostheque_venv/lib/python3.12/site-packages/django/core/mail/backends/smtp.py", line 128, in send_messages
    new_conn_created = self.open()
                       ^^^^^^^^^^^
  File "/home/nomena/Matostheque_App/matostheque_venv/lib/python3.12/site-packages/django/core/mail/backends/smtp.py", line 86, in open
    self.connection = self.connection_class(
                      ^^^^^^^^^^^^^^^^^^^^^^
  File "/home/nomena/python/lib/python3.12/smtplib.py", line 255, in __init__
    (code, msg) = self.connect(host, port)
                  ^^^^^^^^^^^^^^^^^^^^^^^^
  File "/home/nomena/python/lib/python3.12/smtplib.py", line 341, in connect
    self.sock = self._get_socket(host, port, self.timeout)
                ^^^^^^^^^^^^^^^^^^^^^^^^^^^^^^^^^^^^^^^^^^
  File "/home/nomena/python/lib/python3.12/smtplib.py", line 312, in _get_socket
    return socket.create_connection((host, port), timeout,
           ^^^^^^^^^^^^^^^^^^^^^^^^^^^^^^^^^^^^^^^^^^^^^^^
  File "/home/nomena/python/lib/python3.12/socket.py", line 852, in create_connection
    raise exceptions[0]
  File "/home/nomena/python/lib/python3.12/socket.py", line 837, in create_connection
    sock.connect(sa)
ConnectionRefusedError: [Errno 111] Connection refused
Running update_loans
In update loans
Traceback (most recent call last):
  File "/home/nomena/Matostheque_App/manage.py", line 15, in <module>
    execute_from_command_line(sys.argv)
  File "/home/nomena/Matostheque_App/matostheque_venv/lib/python3.12/site-packages/django/core/management/__init__.py", line 442, in execute_from_command_line
    utility.execute()
  File "/home/nomena/Matostheque_App/matostheque_venv/lib/python3.12/site-packages/django/core/management/__init__.py", line 436, in execute
    self.fetch_command(subcommand).run_from_argv(self.argv)
  File "/home/nomena/Matostheque_App/matostheque_venv/lib/python3.12/site-packages/django/core/management/base.py", line 413, in run_from_argv
    self.execute(*args, **cmd_options)
  File "/home/nomena/Matostheque_App/matostheque_venv/lib/python3.12/site-packages/django/core/management/base.py", line 459, in execute
    output = self.handle(*args, **options)
             ^^^^^^^^^^^^^^^^^^^^^^^^^^^^^
  File "/home/nomena/Matostheque_App/Matostheque/management/commands/update_loans.py", line 28, in handle
    update_loans(email_count)
  File "/home/nomena/Matostheque_App/Matostheque/views/loan_views.py", line 149, in update_loans
    check_if_should_be_returned(loan, email_count)
  File "/home/nomena/Matostheque_App/Matostheque/controllers/loans_controller.py", line 271, in check_if_should_be_returned
    send_reminder_email(loan)
  File "/home/nomena/Matostheque_App/Matostheque/controllers/emails_controller.py", line 85, in send_reminder_email
    send_mail(subject, plain_message, from_email, [to_email], html_message=html_message) # commenting sendig the email
    ^^^^^^^^^^^^^^^^^^^^^^^^^^^^^^^^^^^^^^^^^^^^^^^^^^^^^^^^^^^^^^^^^^^^^^^^^^^^^^^^^^^^
  File "/home/nomena/Matostheque_App/matostheque_venv/lib/python3.12/site-packages/django/core/mail/__init__.py", line 88, in send_mail
    return mail.send()
           ^^^^^^^^^^^
  File "/home/nomena/Matostheque_App/matostheque_venv/lib/python3.12/site-packages/django/core/mail/message.py", line 300, in send
    return self.get_connection(fail_silently).send_messages([self])
           ^^^^^^^^^^^^^^^^^^^^^^^^^^^^^^^^^^^^^^^^^^^^^^^^^^^^^^^^
  File "/home/nomena/Matostheque_App/matostheque_venv/lib/python3.12/site-packages/django/core/mail/backends/smtp.py", line 128, in send_messages
    new_conn_created = self.open()
                       ^^^^^^^^^^^
  File "/home/nomena/Matostheque_App/matostheque_venv/lib/python3.12/site-packages/django/core/mail/backends/smtp.py", line 86, in open
    self.connection = self.connection_class(
                      ^^^^^^^^^^^^^^^^^^^^^^
  File "/home/nomena/python/lib/python3.12/smtplib.py", line 255, in __init__
    (code, msg) = self.connect(host, port)
                  ^^^^^^^^^^^^^^^^^^^^^^^^
  File "/home/nomena/python/lib/python3.12/smtplib.py", line 341, in connect
    self.sock = self._get_socket(host, port, self.timeout)
                ^^^^^^^^^^^^^^^^^^^^^^^^^^^^^^^^^^^^^^^^^^
  File "/home/nomena/python/lib/python3.12/smtplib.py", line 312, in _get_socket
    return socket.create_connection((host, port), timeout,
           ^^^^^^^^^^^^^^^^^^^^^^^^^^^^^^^^^^^^^^^^^^^^^^^
  File "/home/nomena/python/lib/python3.12/socket.py", line 852, in create_connection
    raise exceptions[0]
  File "/home/nomena/python/lib/python3.12/socket.py", line 837, in create_connection
    sock.connect(sa)
ConnectionRefusedError: [Errno 111] Connection refused
Running update_loans
In update loans
Completed update_loans
Completed with emails: {'count': 0}
=========================================

Running update_loans
In update loans
Completed update_loans
Completed with emails: {'count': 0}
=========================================

Running update_loans
In update loans
Completed update_loans
Completed with emails: {'count': 0}
=========================================

Running update_loans
In update loans
Traceback (most recent call last):
  File "/home/nomena/Matostheque_App/manage.py", line 15, in <module>
    execute_from_command_line(sys.argv)
  File "/home/nomena/Matostheque_App/matostheque_venv/lib/python3.12/site-packages/django/core/management/__init__.py", line 442, in execute_from_command_line
    utility.execute()
  File "/home/nomena/Matostheque_App/matostheque_venv/lib/python3.12/site-packages/django/core/management/__init__.py", line 436, in execute
    self.fetch_command(subcommand).run_from_argv(self.argv)
  File "/home/nomena/Matostheque_App/matostheque_venv/lib/python3.12/site-packages/django/core/management/base.py", line 413, in run_from_argv
    self.execute(*args, **cmd_options)
  File "/home/nomena/Matostheque_App/matostheque_venv/lib/python3.12/site-packages/django/core/management/base.py", line 459, in execute
    output = self.handle(*args, **options)
             ^^^^^^^^^^^^^^^^^^^^^^^^^^^^^
  File "/home/nomena/Matostheque_App/Matostheque/management/commands/update_loans.py", line 28, in handle
    update_loans(email_count)
  File "/home/nomena/Matostheque_App/Matostheque/views/loan_views.py", line 149, in update_loans
    check_if_should_be_returned(loan, email_count)
  File "/home/nomena/Matostheque_App/Matostheque/controllers/loans_controller.py", line 271, in check_if_should_be_returned
    send_reminder_email(loan)
  File "/home/nomena/Matostheque_App/Matostheque/controllers/emails_controller.py", line 85, in send_reminder_email
    send_mail(subject, plain_message, from_email, [to_email], html_message=html_message) # commenting sendig the email
    ^^^^^^^^^^^^^^^^^^^^^^^^^^^^^^^^^^^^^^^^^^^^^^^^^^^^^^^^^^^^^^^^^^^^^^^^^^^^^^^^^^^^
  File "/home/nomena/Matostheque_App/matostheque_venv/lib/python3.12/site-packages/django/core/mail/__init__.py", line 88, in send_mail
    return mail.send()
           ^^^^^^^^^^^
  File "/home/nomena/Matostheque_App/matostheque_venv/lib/python3.12/site-packages/django/core/mail/message.py", line 300, in send
    return self.get_connection(fail_silently).send_messages([self])
           ^^^^^^^^^^^^^^^^^^^^^^^^^^^^^^^^^^^^^^^^^^^^^^^^^^^^^^^^
  File "/home/nomena/Matostheque_App/matostheque_venv/lib/python3.12/site-packages/django/core/mail/backends/smtp.py", line 128, in send_messages
    new_conn_created = self.open()
                       ^^^^^^^^^^^
  File "/home/nomena/Matostheque_App/matostheque_venv/lib/python3.12/site-packages/django/core/mail/backends/smtp.py", line 86, in open
    self.connection = self.connection_class(
                      ^^^^^^^^^^^^^^^^^^^^^^
  File "/home/nomena/python/lib/python3.12/smtplib.py", line 255, in __init__
    (code, msg) = self.connect(host, port)
                  ^^^^^^^^^^^^^^^^^^^^^^^^
  File "/home/nomena/python/lib/python3.12/smtplib.py", line 341, in connect
    self.sock = self._get_socket(host, port, self.timeout)
                ^^^^^^^^^^^^^^^^^^^^^^^^^^^^^^^^^^^^^^^^^^
  File "/home/nomena/python/lib/python3.12/smtplib.py", line 312, in _get_socket
    return socket.create_connection((host, port), timeout,
           ^^^^^^^^^^^^^^^^^^^^^^^^^^^^^^^^^^^^^^^^^^^^^^^
  File "/home/nomena/python/lib/python3.12/socket.py", line 852, in create_connection
    raise exceptions[0]
  File "/home/nomena/python/lib/python3.12/socket.py", line 837, in create_connection
    sock.connect(sa)
ConnectionRefusedError: [Errno 111] Connection refused
Running update_loans
In update loans
Completed update_loans
Completed with emails: {'count': 0}
=========================================

Running update_loans
In update loans
Traceback (most recent call last):
  File "/home/nomena/Matostheque_App/manage.py", line 15, in <module>
    execute_from_command_line(sys.argv)
  File "/home/nomena/Matostheque_App/matostheque_venv/lib/python3.12/site-packages/django/core/management/__init__.py", line 442, in execute_from_command_line
    utility.execute()
  File "/home/nomena/Matostheque_App/matostheque_venv/lib/python3.12/site-packages/django/core/management/__init__.py", line 436, in execute
    self.fetch_command(subcommand).run_from_argv(self.argv)
  File "/home/nomena/Matostheque_App/matostheque_venv/lib/python3.12/site-packages/django/core/management/base.py", line 413, in run_from_argv
    self.execute(*args, **cmd_options)
  File "/home/nomena/Matostheque_App/matostheque_venv/lib/python3.12/site-packages/django/core/management/base.py", line 459, in execute
    output = self.handle(*args, **options)
             ^^^^^^^^^^^^^^^^^^^^^^^^^^^^^
  File "/home/nomena/Matostheque_App/Matostheque/management/commands/update_loans.py", line 28, in handle
    update_loans(email_count)
  File "/home/nomena/Matostheque_App/Matostheque/views/loan_views.py", line 149, in update_loans
    check_if_should_be_returned(loan, email_count)
  File "/home/nomena/Matostheque_App/Matostheque/controllers/loans_controller.py", line 271, in check_if_should_be_returned
    send_reminder_email(loan)
  File "/home/nomena/Matostheque_App/Matostheque/controllers/emails_controller.py", line 85, in send_reminder_email
    send_mail(subject, plain_message, from_email, [to_email], html_message=html_message) # commenting sendig the email
    ^^^^^^^^^^^^^^^^^^^^^^^^^^^^^^^^^^^^^^^^^^^^^^^^^^^^^^^^^^^^^^^^^^^^^^^^^^^^^^^^^^^^
  File "/home/nomena/Matostheque_App/matostheque_venv/lib/python3.12/site-packages/django/core/mail/__init__.py", line 88, in send_mail
    return mail.send()
           ^^^^^^^^^^^
  File "/home/nomena/Matostheque_App/matostheque_venv/lib/python3.12/site-packages/django/core/mail/message.py", line 300, in send
    return self.get_connection(fail_silently).send_messages([self])
           ^^^^^^^^^^^^^^^^^^^^^^^^^^^^^^^^^^^^^^^^^^^^^^^^^^^^^^^^
  File "/home/nomena/Matostheque_App/matostheque_venv/lib/python3.12/site-packages/django/core/mail/backends/smtp.py", line 128, in send_messages
    new_conn_created = self.open()
                       ^^^^^^^^^^^
  File "/home/nomena/Matostheque_App/matostheque_venv/lib/python3.12/site-packages/django/core/mail/backends/smtp.py", line 86, in open
    self.connection = self.connection_class(
                      ^^^^^^^^^^^^^^^^^^^^^^
  File "/home/nomena/python/lib/python3.12/smtplib.py", line 255, in __init__
    (code, msg) = self.connect(host, port)
                  ^^^^^^^^^^^^^^^^^^^^^^^^
  File "/home/nomena/python/lib/python3.12/smtplib.py", line 341, in connect
    self.sock = self._get_socket(host, port, self.timeout)
                ^^^^^^^^^^^^^^^^^^^^^^^^^^^^^^^^^^^^^^^^^^
  File "/home/nomena/python/lib/python3.12/smtplib.py", line 312, in _get_socket
    return socket.create_connection((host, port), timeout,
           ^^^^^^^^^^^^^^^^^^^^^^^^^^^^^^^^^^^^^^^^^^^^^^^
  File "/home/nomena/python/lib/python3.12/socket.py", line 852, in create_connection
    raise exceptions[0]
  File "/home/nomena/python/lib/python3.12/socket.py", line 837, in create_connection
    sock.connect(sa)
ConnectionRefusedError: [Errno 111] Connection refused
Running update_loans
In update loans
Completed update_loans
Completed with emails: {'count': 0}
=========================================

Running update_loans
In update loans
Completed update_loans
Completed with emails: {'count': 0}
=========================================

Running update_loans
In update loans
Completed update_loans
Completed with emails: {'count': 0}
=========================================

Running update_loans
In update loans
Completed update_loans
Completed with emails: {'count': 0}
=========================================

Running update_loans
In update loans
Traceback (most recent call last):
  File "/home/nomena/Matostheque_App/manage.py", line 15, in <module>
    execute_from_command_line(sys.argv)
  File "/home/nomena/Matostheque_App/matostheque_venv/lib/python3.12/site-packages/django/core/management/__init__.py", line 442, in execute_from_command_line
    utility.execute()
  File "/home/nomena/Matostheque_App/matostheque_venv/lib/python3.12/site-packages/django/core/management/__init__.py", line 436, in execute
    self.fetch_command(subcommand).run_from_argv(self.argv)
  File "/home/nomena/Matostheque_App/matostheque_venv/lib/python3.12/site-packages/django/core/management/base.py", line 413, in run_from_argv
    self.execute(*args, **cmd_options)
  File "/home/nomena/Matostheque_App/matostheque_venv/lib/python3.12/site-packages/django/core/management/base.py", line 459, in execute
    output = self.handle(*args, **options)
             ^^^^^^^^^^^^^^^^^^^^^^^^^^^^^
  File "/home/nomena/Matostheque_App/Matostheque/management/commands/update_loans.py", line 28, in handle
    update_loans(email_count)
  File "/home/nomena/Matostheque_App/Matostheque/views/loan_views.py", line 149, in update_loans
    check_if_should_be_returned(loan, email_count)
  File "/home/nomena/Matostheque_App/Matostheque/controllers/loans_controller.py", line 271, in check_if_should_be_returned
    send_reminder_email(loan)
  File "/home/nomena/Matostheque_App/Matostheque/controllers/emails_controller.py", line 85, in send_reminder_email
    send_mail(subject, plain_message, from_email, [to_email], html_message=html_message) # commenting sendig the email
    ^^^^^^^^^^^^^^^^^^^^^^^^^^^^^^^^^^^^^^^^^^^^^^^^^^^^^^^^^^^^^^^^^^^^^^^^^^^^^^^^^^^^
  File "/home/nomena/Matostheque_App/matostheque_venv/lib/python3.12/site-packages/django/core/mail/__init__.py", line 88, in send_mail
    return mail.send()
           ^^^^^^^^^^^
  File "/home/nomena/Matostheque_App/matostheque_venv/lib/python3.12/site-packages/django/core/mail/message.py", line 300, in send
    return self.get_connection(fail_silently).send_messages([self])
           ^^^^^^^^^^^^^^^^^^^^^^^^^^^^^^^^^^^^^^^^^^^^^^^^^^^^^^^^
  File "/home/nomena/Matostheque_App/matostheque_venv/lib/python3.12/site-packages/django/core/mail/backends/smtp.py", line 128, in send_messages
    new_conn_created = self.open()
                       ^^^^^^^^^^^
  File "/home/nomena/Matostheque_App/matostheque_venv/lib/python3.12/site-packages/django/core/mail/backends/smtp.py", line 86, in open
    self.connection = self.connection_class(
                      ^^^^^^^^^^^^^^^^^^^^^^
  File "/home/nomena/python/lib/python3.12/smtplib.py", line 255, in __init__
    (code, msg) = self.connect(host, port)
                  ^^^^^^^^^^^^^^^^^^^^^^^^
  File "/home/nomena/python/lib/python3.12/smtplib.py", line 341, in connect
    self.sock = self._get_socket(host, port, self.timeout)
                ^^^^^^^^^^^^^^^^^^^^^^^^^^^^^^^^^^^^^^^^^^
  File "/home/nomena/python/lib/python3.12/smtplib.py", line 312, in _get_socket
    return socket.create_connection((host, port), timeout,
           ^^^^^^^^^^^^^^^^^^^^^^^^^^^^^^^^^^^^^^^^^^^^^^^
  File "/home/nomena/python/lib/python3.12/socket.py", line 852, in create_connection
    raise exceptions[0]
  File "/home/nomena/python/lib/python3.12/socket.py", line 837, in create_connection
    sock.connect(sa)
ConnectionRefusedError: [Errno 111] Connection refused
Running update_loans
In update loans
Completed update_loans
Completed with emails: {'count': 0}
=========================================

Running update_loans
In update loans
Traceback (most recent call last):
  File "/home/nomena/Matostheque_App/manage.py", line 15, in <module>
    execute_from_command_line(sys.argv)
  File "/home/nomena/Matostheque_App/matostheque_venv/lib/python3.12/site-packages/django/core/management/__init__.py", line 442, in execute_from_command_line
    utility.execute()
  File "/home/nomena/Matostheque_App/matostheque_venv/lib/python3.12/site-packages/django/core/management/__init__.py", line 436, in execute
    self.fetch_command(subcommand).run_from_argv(self.argv)
  File "/home/nomena/Matostheque_App/matostheque_venv/lib/python3.12/site-packages/django/core/management/base.py", line 413, in run_from_argv
    self.execute(*args, **cmd_options)
  File "/home/nomena/Matostheque_App/matostheque_venv/lib/python3.12/site-packages/django/core/management/base.py", line 459, in execute
    output = self.handle(*args, **options)
             ^^^^^^^^^^^^^^^^^^^^^^^^^^^^^
  File "/home/nomena/Matostheque_App/Matostheque/management/commands/update_loans.py", line 28, in handle
    update_loans(email_count)
  File "/home/nomena/Matostheque_App/Matostheque/views/loan_views.py", line 149, in update_loans
    check_if_should_be_returned(loan, email_count)
  File "/home/nomena/Matostheque_App/Matostheque/controllers/loans_controller.py", line 271, in check_if_should_be_returned
    send_reminder_email(loan)
  File "/home/nomena/Matostheque_App/Matostheque/controllers/emails_controller.py", line 85, in send_reminder_email
    send_mail(subject, plain_message, from_email, [to_email], html_message=html_message) # commenting sendig the email
    ^^^^^^^^^^^^^^^^^^^^^^^^^^^^^^^^^^^^^^^^^^^^^^^^^^^^^^^^^^^^^^^^^^^^^^^^^^^^^^^^^^^^
  File "/home/nomena/Matostheque_App/matostheque_venv/lib/python3.12/site-packages/django/core/mail/__init__.py", line 88, in send_mail
    return mail.send()
           ^^^^^^^^^^^
  File "/home/nomena/Matostheque_App/matostheque_venv/lib/python3.12/site-packages/django/core/mail/message.py", line 300, in send
    return self.get_connection(fail_silently).send_messages([self])
           ^^^^^^^^^^^^^^^^^^^^^^^^^^^^^^^^^^^^^^^^^^^^^^^^^^^^^^^^
  File "/home/nomena/Matostheque_App/matostheque_venv/lib/python3.12/site-packages/django/core/mail/backends/smtp.py", line 128, in send_messages
    new_conn_created = self.open()
                       ^^^^^^^^^^^
  File "/home/nomena/Matostheque_App/matostheque_venv/lib/python3.12/site-packages/django/core/mail/backends/smtp.py", line 86, in open
    self.connection = self.connection_class(
                      ^^^^^^^^^^^^^^^^^^^^^^
  File "/home/nomena/python/lib/python3.12/smtplib.py", line 255, in __init__
    (code, msg) = self.connect(host, port)
                  ^^^^^^^^^^^^^^^^^^^^^^^^
  File "/home/nomena/python/lib/python3.12/smtplib.py", line 341, in connect
    self.sock = self._get_socket(host, port, self.timeout)
                ^^^^^^^^^^^^^^^^^^^^^^^^^^^^^^^^^^^^^^^^^^
  File "/home/nomena/python/lib/python3.12/smtplib.py", line 312, in _get_socket
    return socket.create_connection((host, port), timeout,
           ^^^^^^^^^^^^^^^^^^^^^^^^^^^^^^^^^^^^^^^^^^^^^^^
  File "/home/nomena/python/lib/python3.12/socket.py", line 852, in create_connection
    raise exceptions[0]
  File "/home/nomena/python/lib/python3.12/socket.py", line 837, in create_connection
    sock.connect(sa)
ConnectionRefusedError: [Errno 111] Connection refused
Running update_loans
In update loans
Completed update_loans
Completed with emails: {'count': 0}
=========================================

Running update_loans
In update loans
Completed update_loans
Completed with emails: {'count': 0}
=========================================

Running update_loans
In update loans
Completed update_loans
Completed with emails: {'count': 0}
=========================================

Running update_loans
In update loans
Traceback (most recent call last):
  File "/home/nomena/Matostheque_App/manage.py", line 15, in <module>
    execute_from_command_line(sys.argv)
  File "/home/nomena/Matostheque_App/matostheque_venv/lib/python3.12/site-packages/django/core/management/__init__.py", line 442, in execute_from_command_line
    utility.execute()
  File "/home/nomena/Matostheque_App/matostheque_venv/lib/python3.12/site-packages/django/core/management/__init__.py", line 436, in execute
    self.fetch_command(subcommand).run_from_argv(self.argv)
  File "/home/nomena/Matostheque_App/matostheque_venv/lib/python3.12/site-packages/django/core/management/base.py", line 413, in run_from_argv
    self.execute(*args, **cmd_options)
  File "/home/nomena/Matostheque_App/matostheque_venv/lib/python3.12/site-packages/django/core/management/base.py", line 459, in execute
    output = self.handle(*args, **options)
             ^^^^^^^^^^^^^^^^^^^^^^^^^^^^^
  File "/home/nomena/Matostheque_App/Matostheque/management/commands/update_loans.py", line 28, in handle
    update_loans(email_count)
  File "/home/nomena/Matostheque_App/Matostheque/views/loan_views.py", line 149, in update_loans
    check_if_should_be_returned(loan, email_count)
  File "/home/nomena/Matostheque_App/Matostheque/controllers/loans_controller.py", line 271, in check_if_should_be_returned
    send_reminder_email(loan)
  File "/home/nomena/Matostheque_App/Matostheque/controllers/emails_controller.py", line 85, in send_reminder_email
    send_mail(subject, plain_message, from_email, [to_email], html_message=html_message) # commenting sendig the email
    ^^^^^^^^^^^^^^^^^^^^^^^^^^^^^^^^^^^^^^^^^^^^^^^^^^^^^^^^^^^^^^^^^^^^^^^^^^^^^^^^^^^^
  File "/home/nomena/Matostheque_App/matostheque_venv/lib/python3.12/site-packages/django/core/mail/__init__.py", line 88, in send_mail
    return mail.send()
           ^^^^^^^^^^^
  File "/home/nomena/Matostheque_App/matostheque_venv/lib/python3.12/site-packages/django/core/mail/message.py", line 300, in send
    return self.get_connection(fail_silently).send_messages([self])
           ^^^^^^^^^^^^^^^^^^^^^^^^^^^^^^^^^^^^^^^^^^^^^^^^^^^^^^^^
  File "/home/nomena/Matostheque_App/matostheque_venv/lib/python3.12/site-packages/django/core/mail/backends/smtp.py", line 128, in send_messages
    new_conn_created = self.open()
                       ^^^^^^^^^^^
  File "/home/nomena/Matostheque_App/matostheque_venv/lib/python3.12/site-packages/django/core/mail/backends/smtp.py", line 86, in open
    self.connection = self.connection_class(
                      ^^^^^^^^^^^^^^^^^^^^^^
  File "/home/nomena/python/lib/python3.12/smtplib.py", line 255, in __init__
    (code, msg) = self.connect(host, port)
                  ^^^^^^^^^^^^^^^^^^^^^^^^
  File "/home/nomena/python/lib/python3.12/smtplib.py", line 341, in connect
    self.sock = self._get_socket(host, port, self.timeout)
                ^^^^^^^^^^^^^^^^^^^^^^^^^^^^^^^^^^^^^^^^^^
  File "/home/nomena/python/lib/python3.12/smtplib.py", line 312, in _get_socket
    return socket.create_connection((host, port), timeout,
           ^^^^^^^^^^^^^^^^^^^^^^^^^^^^^^^^^^^^^^^^^^^^^^^
  File "/home/nomena/python/lib/python3.12/socket.py", line 852, in create_connection
    raise exceptions[0]
  File "/home/nomena/python/lib/python3.12/socket.py", line 837, in create_connection
    sock.connect(sa)
ConnectionRefusedError: [Errno 111] Connection refused
Running update_loans
In update loans
Completed update_loans
Completed with emails: {'count': 0}
=========================================

Running update_loans
In update loans
Traceback (most recent call last):
  File "/home/nomena/Matostheque_App/manage.py", line 15, in <module>
    execute_from_command_line(sys.argv)
  File "/home/nomena/Matostheque_App/matostheque_venv/lib/python3.12/site-packages/django/core/management/__init__.py", line 442, in execute_from_command_line
    utility.execute()
  File "/home/nomena/Matostheque_App/matostheque_venv/lib/python3.12/site-packages/django/core/management/__init__.py", line 436, in execute
    self.fetch_command(subcommand).run_from_argv(self.argv)
  File "/home/nomena/Matostheque_App/matostheque_venv/lib/python3.12/site-packages/django/core/management/base.py", line 413, in run_from_argv
    self.execute(*args, **cmd_options)
  File "/home/nomena/Matostheque_App/matostheque_venv/lib/python3.12/site-packages/django/core/management/base.py", line 459, in execute
    output = self.handle(*args, **options)
             ^^^^^^^^^^^^^^^^^^^^^^^^^^^^^
  File "/home/nomena/Matostheque_App/Matostheque/management/commands/update_loans.py", line 28, in handle
    update_loans(email_count)
  File "/home/nomena/Matostheque_App/Matostheque/views/loan_views.py", line 149, in update_loans
    check_if_should_be_returned(loan, email_count)
  File "/home/nomena/Matostheque_App/Matostheque/controllers/loans_controller.py", line 271, in check_if_should_be_returned
    send_reminder_email(loan)
  File "/home/nomena/Matostheque_App/Matostheque/controllers/emails_controller.py", line 85, in send_reminder_email
    send_mail(subject, plain_message, from_email, [to_email], html_message=html_message) # commenting sendig the email
    ^^^^^^^^^^^^^^^^^^^^^^^^^^^^^^^^^^^^^^^^^^^^^^^^^^^^^^^^^^^^^^^^^^^^^^^^^^^^^^^^^^^^
  File "/home/nomena/Matostheque_App/matostheque_venv/lib/python3.12/site-packages/django/core/mail/__init__.py", line 88, in send_mail
    return mail.send()
           ^^^^^^^^^^^
  File "/home/nomena/Matostheque_App/matostheque_venv/lib/python3.12/site-packages/django/core/mail/message.py", line 300, in send
    return self.get_connection(fail_silently).send_messages([self])
           ^^^^^^^^^^^^^^^^^^^^^^^^^^^^^^^^^^^^^^^^^^^^^^^^^^^^^^^^
  File "/home/nomena/Matostheque_App/matostheque_venv/lib/python3.12/site-packages/django/core/mail/backends/smtp.py", line 128, in send_messages
    new_conn_created = self.open()
                       ^^^^^^^^^^^
  File "/home/nomena/Matostheque_App/matostheque_venv/lib/python3.12/site-packages/django/core/mail/backends/smtp.py", line 86, in open
    self.connection = self.connection_class(
                      ^^^^^^^^^^^^^^^^^^^^^^
  File "/home/nomena/python/lib/python3.12/smtplib.py", line 255, in __init__
    (code, msg) = self.connect(host, port)
                  ^^^^^^^^^^^^^^^^^^^^^^^^
  File "/home/nomena/python/lib/python3.12/smtplib.py", line 341, in connect
    self.sock = self._get_socket(host, port, self.timeout)
                ^^^^^^^^^^^^^^^^^^^^^^^^^^^^^^^^^^^^^^^^^^
  File "/home/nomena/python/lib/python3.12/smtplib.py", line 312, in _get_socket
    return socket.create_connection((host, port), timeout,
           ^^^^^^^^^^^^^^^^^^^^^^^^^^^^^^^^^^^^^^^^^^^^^^^
  File "/home/nomena/python/lib/python3.12/socket.py", line 852, in create_connection
    raise exceptions[0]
  File "/home/nomena/python/lib/python3.12/socket.py", line 837, in create_connection
    sock.connect(sa)
ConnectionRefusedError: [Errno 111] Connection refused
Running update_loans
In update loans
Traceback (most recent call last):
  File "/home/nomena/Matostheque_App/manage.py", line 15, in <module>
    execute_from_command_line(sys.argv)
  File "/home/nomena/Matostheque_App/matostheque_venv/lib/python3.12/site-packages/django/core/management/__init__.py", line 442, in execute_from_command_line
    utility.execute()
  File "/home/nomena/Matostheque_App/matostheque_venv/lib/python3.12/site-packages/django/core/management/__init__.py", line 436, in execute
    self.fetch_command(subcommand).run_from_argv(self.argv)
  File "/home/nomena/Matostheque_App/matostheque_venv/lib/python3.12/site-packages/django/core/management/base.py", line 413, in run_from_argv
    self.execute(*args, **cmd_options)
  File "/home/nomena/Matostheque_App/matostheque_venv/lib/python3.12/site-packages/django/core/management/base.py", line 459, in execute
    output = self.handle(*args, **options)
             ^^^^^^^^^^^^^^^^^^^^^^^^^^^^^
  File "/home/nomena/Matostheque_App/Matostheque/management/commands/update_loans.py", line 28, in handle
    update_loans(email_count)
  File "/home/nomena/Matostheque_App/Matostheque/views/loan_views.py", line 149, in update_loans
    check_if_should_be_returned(loan, email_count)
  File "/home/nomena/Matostheque_App/Matostheque/controllers/loans_controller.py", line 271, in check_if_should_be_returned
    send_reminder_email(loan)
  File "/home/nomena/Matostheque_App/Matostheque/controllers/emails_controller.py", line 85, in send_reminder_email
    send_mail(subject, plain_message, from_email, [to_email], html_message=html_message) # commenting sendig the email
    ^^^^^^^^^^^^^^^^^^^^^^^^^^^^^^^^^^^^^^^^^^^^^^^^^^^^^^^^^^^^^^^^^^^^^^^^^^^^^^^^^^^^
  File "/home/nomena/Matostheque_App/matostheque_venv/lib/python3.12/site-packages/django/core/mail/__init__.py", line 88, in send_mail
    return mail.send()
           ^^^^^^^^^^^
  File "/home/nomena/Matostheque_App/matostheque_venv/lib/python3.12/site-packages/django/core/mail/message.py", line 300, in send
    return self.get_connection(fail_silently).send_messages([self])
           ^^^^^^^^^^^^^^^^^^^^^^^^^^^^^^^^^^^^^^^^^^^^^^^^^^^^^^^^
  File "/home/nomena/Matostheque_App/matostheque_venv/lib/python3.12/site-packages/django/core/mail/backends/smtp.py", line 128, in send_messages
    new_conn_created = self.open()
                       ^^^^^^^^^^^
  File "/home/nomena/Matostheque_App/matostheque_venv/lib/python3.12/site-packages/django/core/mail/backends/smtp.py", line 86, in open
    self.connection = self.connection_class(
                      ^^^^^^^^^^^^^^^^^^^^^^
  File "/home/nomena/python/lib/python3.12/smtplib.py", line 255, in __init__
    (code, msg) = self.connect(host, port)
                  ^^^^^^^^^^^^^^^^^^^^^^^^
  File "/home/nomena/python/lib/python3.12/smtplib.py", line 341, in connect
    self.sock = self._get_socket(host, port, self.timeout)
                ^^^^^^^^^^^^^^^^^^^^^^^^^^^^^^^^^^^^^^^^^^
  File "/home/nomena/python/lib/python3.12/smtplib.py", line 312, in _get_socket
    return socket.create_connection((host, port), timeout,
           ^^^^^^^^^^^^^^^^^^^^^^^^^^^^^^^^^^^^^^^^^^^^^^^
  File "/home/nomena/python/lib/python3.12/socket.py", line 852, in create_connection
    raise exceptions[0]
  File "/home/nomena/python/lib/python3.12/socket.py", line 837, in create_connection
    sock.connect(sa)
ConnectionRefusedError: [Errno 111] Connection refused
Running update_loans
In update loans
Completed update_loans
Completed with emails: {'count': 0}
=========================================

Running update_loans
In update loans
Completed update_loans
Completed with emails: {'count': 0}
=========================================

Running update_loans
In update loans
Completed update_loans
Completed with emails: {'count': 0}
=========================================

Running update_loans
In update loans
Completed update_loans
Completed with emails: {'count': 0}
=========================================

Running update_loans
In update loans
Completed update_loans
Completed with emails: {'count': 0}
=========================================

Running update_loans
In update loans
Completed update_loans
Completed with emails: {'count': 0}
=========================================

Running update_loans
In update loans
Traceback (most recent call last):
  File "/home/nomena/Matostheque_App/manage.py", line 15, in <module>
    execute_from_command_line(sys.argv)
  File "/home/nomena/Matostheque_App/matostheque_venv/lib/python3.12/site-packages/django/core/management/__init__.py", line 442, in execute_from_command_line
    utility.execute()
  File "/home/nomena/Matostheque_App/matostheque_venv/lib/python3.12/site-packages/django/core/management/__init__.py", line 436, in execute
    self.fetch_command(subcommand).run_from_argv(self.argv)
  File "/home/nomena/Matostheque_App/matostheque_venv/lib/python3.12/site-packages/django/core/management/base.py", line 413, in run_from_argv
    self.execute(*args, **cmd_options)
  File "/home/nomena/Matostheque_App/matostheque_venv/lib/python3.12/site-packages/django/core/management/base.py", line 459, in execute
    output = self.handle(*args, **options)
             ^^^^^^^^^^^^^^^^^^^^^^^^^^^^^
  File "/home/nomena/Matostheque_App/Matostheque/management/commands/update_loans.py", line 28, in handle
    update_loans(email_count)
  File "/home/nomena/Matostheque_App/Matostheque/views/loan_views.py", line 149, in update_loans
    check_if_should_be_returned(loan, email_count)
  File "/home/nomena/Matostheque_App/Matostheque/controllers/loans_controller.py", line 271, in check_if_should_be_returned
    send_reminder_email(loan)
  File "/home/nomena/Matostheque_App/Matostheque/controllers/emails_controller.py", line 85, in send_reminder_email
    send_mail(subject, plain_message, from_email, [to_email], html_message=html_message) # commenting sendig the email
    ^^^^^^^^^^^^^^^^^^^^^^^^^^^^^^^^^^^^^^^^^^^^^^^^^^^^^^^^^^^^^^^^^^^^^^^^^^^^^^^^^^^^
  File "/home/nomena/Matostheque_App/matostheque_venv/lib/python3.12/site-packages/django/core/mail/__init__.py", line 88, in send_mail
    return mail.send()
           ^^^^^^^^^^^
  File "/home/nomena/Matostheque_App/matostheque_venv/lib/python3.12/site-packages/django/core/mail/message.py", line 300, in send
    return self.get_connection(fail_silently).send_messages([self])
           ^^^^^^^^^^^^^^^^^^^^^^^^^^^^^^^^^^^^^^^^^^^^^^^^^^^^^^^^
  File "/home/nomena/Matostheque_App/matostheque_venv/lib/python3.12/site-packages/django/core/mail/backends/smtp.py", line 128, in send_messages
    new_conn_created = self.open()
                       ^^^^^^^^^^^
  File "/home/nomena/Matostheque_App/matostheque_venv/lib/python3.12/site-packages/django/core/mail/backends/smtp.py", line 86, in open
    self.connection = self.connection_class(
                      ^^^^^^^^^^^^^^^^^^^^^^
  File "/home/nomena/python/lib/python3.12/smtplib.py", line 255, in __init__
    (code, msg) = self.connect(host, port)
                  ^^^^^^^^^^^^^^^^^^^^^^^^
  File "/home/nomena/python/lib/python3.12/smtplib.py", line 341, in connect
    self.sock = self._get_socket(host, port, self.timeout)
                ^^^^^^^^^^^^^^^^^^^^^^^^^^^^^^^^^^^^^^^^^^
  File "/home/nomena/python/lib/python3.12/smtplib.py", line 312, in _get_socket
    return socket.create_connection((host, port), timeout,
           ^^^^^^^^^^^^^^^^^^^^^^^^^^^^^^^^^^^^^^^^^^^^^^^
  File "/home/nomena/python/lib/python3.12/socket.py", line 852, in create_connection
    raise exceptions[0]
  File "/home/nomena/python/lib/python3.12/socket.py", line 837, in create_connection
    sock.connect(sa)
ConnectionRefusedError: [Errno 111] Connection refused
Running update_loans
In update loans
Completed update_loans
Completed with emails: {'count': 0}
=========================================

Running update_loans
In update loans
Completed update_loans
Completed with emails: {'count': 0}
=========================================

Running update_loans
In update loans
Completed update_loans
Completed with emails: {'count': 0}
=========================================

Running update_loans
In update loans
Completed update_loans
Completed with emails: {'count': 0}
=========================================

Running update_loans
In update loans
Traceback (most recent call last):
  File "/home/nomena/Matostheque_App/manage.py", line 15, in <module>
    execute_from_command_line(sys.argv)
  File "/home/nomena/Matostheque_App/matostheque_venv/lib/python3.12/site-packages/django/core/management/__init__.py", line 442, in execute_from_command_line
    utility.execute()
  File "/home/nomena/Matostheque_App/matostheque_venv/lib/python3.12/site-packages/django/core/management/__init__.py", line 436, in execute
    self.fetch_command(subcommand).run_from_argv(self.argv)
  File "/home/nomena/Matostheque_App/matostheque_venv/lib/python3.12/site-packages/django/core/management/base.py", line 413, in run_from_argv
    self.execute(*args, **cmd_options)
  File "/home/nomena/Matostheque_App/matostheque_venv/lib/python3.12/site-packages/django/core/management/base.py", line 459, in execute
    output = self.handle(*args, **options)
             ^^^^^^^^^^^^^^^^^^^^^^^^^^^^^
  File "/home/nomena/Matostheque_App/Matostheque/management/commands/update_loans.py", line 28, in handle
    update_loans(email_count)
  File "/home/nomena/Matostheque_App/Matostheque/views/loan_views.py", line 149, in update_loans
    check_if_should_be_returned(loan, email_count)
  File "/home/nomena/Matostheque_App/Matostheque/controllers/loans_controller.py", line 271, in check_if_should_be_returned
    send_reminder_email(loan)
  File "/home/nomena/Matostheque_App/Matostheque/controllers/emails_controller.py", line 85, in send_reminder_email
    send_mail(subject, plain_message, from_email, [to_email], html_message=html_message) # commenting sendig the email
    ^^^^^^^^^^^^^^^^^^^^^^^^^^^^^^^^^^^^^^^^^^^^^^^^^^^^^^^^^^^^^^^^^^^^^^^^^^^^^^^^^^^^
  File "/home/nomena/Matostheque_App/matostheque_venv/lib/python3.12/site-packages/django/core/mail/__init__.py", line 88, in send_mail
    return mail.send()
           ^^^^^^^^^^^
  File "/home/nomena/Matostheque_App/matostheque_venv/lib/python3.12/site-packages/django/core/mail/message.py", line 300, in send
    return self.get_connection(fail_silently).send_messages([self])
           ^^^^^^^^^^^^^^^^^^^^^^^^^^^^^^^^^^^^^^^^^^^^^^^^^^^^^^^^
  File "/home/nomena/Matostheque_App/matostheque_venv/lib/python3.12/site-packages/django/core/mail/backends/smtp.py", line 128, in send_messages
    new_conn_created = self.open()
                       ^^^^^^^^^^^
  File "/home/nomena/Matostheque_App/matostheque_venv/lib/python3.12/site-packages/django/core/mail/backends/smtp.py", line 86, in open
    self.connection = self.connection_class(
                      ^^^^^^^^^^^^^^^^^^^^^^
  File "/home/nomena/python/lib/python3.12/smtplib.py", line 255, in __init__
    (code, msg) = self.connect(host, port)
                  ^^^^^^^^^^^^^^^^^^^^^^^^
  File "/home/nomena/python/lib/python3.12/smtplib.py", line 341, in connect
    self.sock = self._get_socket(host, port, self.timeout)
                ^^^^^^^^^^^^^^^^^^^^^^^^^^^^^^^^^^^^^^^^^^
  File "/home/nomena/python/lib/python3.12/smtplib.py", line 312, in _get_socket
    return socket.create_connection((host, port), timeout,
           ^^^^^^^^^^^^^^^^^^^^^^^^^^^^^^^^^^^^^^^^^^^^^^^
  File "/home/nomena/python/lib/python3.12/socket.py", line 852, in create_connection
    raise exceptions[0]
  File "/home/nomena/python/lib/python3.12/socket.py", line 837, in create_connection
    sock.connect(sa)
ConnectionRefusedError: [Errno 111] Connection refused
Running update_loans
In update loans
Completed update_loans
Completed with emails: {'count': 0}
=========================================

Running update_loans
In update loans
Traceback (most recent call last):
  File "/home/nomena/Matostheque_App/manage.py", line 15, in <module>
    execute_from_command_line(sys.argv)
  File "/home/nomena/Matostheque_App/matostheque_venv/lib/python3.12/site-packages/django/core/management/__init__.py", line 442, in execute_from_command_line
    utility.execute()
  File "/home/nomena/Matostheque_App/matostheque_venv/lib/python3.12/site-packages/django/core/management/__init__.py", line 436, in execute
    self.fetch_command(subcommand).run_from_argv(self.argv)
  File "/home/nomena/Matostheque_App/matostheque_venv/lib/python3.12/site-packages/django/core/management/base.py", line 413, in run_from_argv
    self.execute(*args, **cmd_options)
  File "/home/nomena/Matostheque_App/matostheque_venv/lib/python3.12/site-packages/django/core/management/base.py", line 459, in execute
    output = self.handle(*args, **options)
             ^^^^^^^^^^^^^^^^^^^^^^^^^^^^^
  File "/home/nomena/Matostheque_App/Matostheque/management/commands/update_loans.py", line 28, in handle
    update_loans(email_count)
  File "/home/nomena/Matostheque_App/Matostheque/views/loan_views.py", line 149, in update_loans
    check_if_should_be_returned(loan, email_count)
  File "/home/nomena/Matostheque_App/Matostheque/controllers/loans_controller.py", line 271, in check_if_should_be_returned
    send_reminder_email(loan)
  File "/home/nomena/Matostheque_App/Matostheque/controllers/emails_controller.py", line 85, in send_reminder_email
    send_mail(subject, plain_message, from_email, [to_email], html_message=html_message) # commenting sendig the email
    ^^^^^^^^^^^^^^^^^^^^^^^^^^^^^^^^^^^^^^^^^^^^^^^^^^^^^^^^^^^^^^^^^^^^^^^^^^^^^^^^^^^^
  File "/home/nomena/Matostheque_App/matostheque_venv/lib/python3.12/site-packages/django/core/mail/__init__.py", line 88, in send_mail
    return mail.send()
           ^^^^^^^^^^^
  File "/home/nomena/Matostheque_App/matostheque_venv/lib/python3.12/site-packages/django/core/mail/message.py", line 300, in send
    return self.get_connection(fail_silently).send_messages([self])
           ^^^^^^^^^^^^^^^^^^^^^^^^^^^^^^^^^^^^^^^^^^^^^^^^^^^^^^^^
  File "/home/nomena/Matostheque_App/matostheque_venv/lib/python3.12/site-packages/django/core/mail/backends/smtp.py", line 128, in send_messages
    new_conn_created = self.open()
                       ^^^^^^^^^^^
  File "/home/nomena/Matostheque_App/matostheque_venv/lib/python3.12/site-packages/django/core/mail/backends/smtp.py", line 86, in open
    self.connection = self.connection_class(
                      ^^^^^^^^^^^^^^^^^^^^^^
  File "/home/nomena/python/lib/python3.12/smtplib.py", line 255, in __init__
    (code, msg) = self.connect(host, port)
                  ^^^^^^^^^^^^^^^^^^^^^^^^
  File "/home/nomena/python/lib/python3.12/smtplib.py", line 341, in connect
    self.sock = self._get_socket(host, port, self.timeout)
                ^^^^^^^^^^^^^^^^^^^^^^^^^^^^^^^^^^^^^^^^^^
  File "/home/nomena/python/lib/python3.12/smtplib.py", line 312, in _get_socket
    return socket.create_connection((host, port), timeout,
           ^^^^^^^^^^^^^^^^^^^^^^^^^^^^^^^^^^^^^^^^^^^^^^^
  File "/home/nomena/python/lib/python3.12/socket.py", line 852, in create_connection
    raise exceptions[0]
  File "/home/nomena/python/lib/python3.12/socket.py", line 837, in create_connection
    sock.connect(sa)
ConnectionRefusedError: [Errno 111] Connection refused
Running update_loans
In update loans
Completed update_loans
Completed with emails: {'count': 0}
=========================================

Running update_loans
In update loans
Completed update_loans
Completed with emails: {'count': 0}
=========================================

Running update_loans
In update loans
Completed update_loans
Completed with emails: {'count': 0}
=========================================

Running update_loans
In update loans
Completed update_loans
Completed with emails: {'count': 0}
=========================================

Running update_loans
In update loans
Completed update_loans
Completed with emails: {'count': 0}
=========================================

Running update_loans
In update loans
Completed update_loans
Completed with emails: {'count': 0}
=========================================

Running update_loans
In update loans
Traceback (most recent call last):
  File "/home/nomena/Matostheque_App/manage.py", line 15, in <module>
    execute_from_command_line(sys.argv)
  File "/home/nomena/Matostheque_App/matostheque_venv/lib/python3.12/site-packages/django/core/management/__init__.py", line 442, in execute_from_command_line
    utility.execute()
  File "/home/nomena/Matostheque_App/matostheque_venv/lib/python3.12/site-packages/django/core/management/__init__.py", line 436, in execute
    self.fetch_command(subcommand).run_from_argv(self.argv)
  File "/home/nomena/Matostheque_App/matostheque_venv/lib/python3.12/site-packages/django/core/management/base.py", line 413, in run_from_argv
    self.execute(*args, **cmd_options)
  File "/home/nomena/Matostheque_App/matostheque_venv/lib/python3.12/site-packages/django/core/management/base.py", line 459, in execute
    output = self.handle(*args, **options)
             ^^^^^^^^^^^^^^^^^^^^^^^^^^^^^
  File "/home/nomena/Matostheque_App/Matostheque/management/commands/update_loans.py", line 28, in handle
    update_loans(email_count)
  File "/home/nomena/Matostheque_App/Matostheque/views/loan_views.py", line 149, in update_loans
    check_if_should_be_returned(loan, email_count)
  File "/home/nomena/Matostheque_App/Matostheque/controllers/loans_controller.py", line 271, in check_if_should_be_returned
    send_reminder_email(loan)
  File "/home/nomena/Matostheque_App/Matostheque/controllers/emails_controller.py", line 85, in send_reminder_email
    send_mail(subject, plain_message, from_email, [to_email], html_message=html_message) # commenting sendig the email
    ^^^^^^^^^^^^^^^^^^^^^^^^^^^^^^^^^^^^^^^^^^^^^^^^^^^^^^^^^^^^^^^^^^^^^^^^^^^^^^^^^^^^
  File "/home/nomena/Matostheque_App/matostheque_venv/lib/python3.12/site-packages/django/core/mail/__init__.py", line 88, in send_mail
    return mail.send()
           ^^^^^^^^^^^
  File "/home/nomena/Matostheque_App/matostheque_venv/lib/python3.12/site-packages/django/core/mail/message.py", line 300, in send
    return self.get_connection(fail_silently).send_messages([self])
           ^^^^^^^^^^^^^^^^^^^^^^^^^^^^^^^^^^^^^^^^^^^^^^^^^^^^^^^^
  File "/home/nomena/Matostheque_App/matostheque_venv/lib/python3.12/site-packages/django/core/mail/backends/smtp.py", line 128, in send_messages
    new_conn_created = self.open()
                       ^^^^^^^^^^^
  File "/home/nomena/Matostheque_App/matostheque_venv/lib/python3.12/site-packages/django/core/mail/backends/smtp.py", line 86, in open
    self.connection = self.connection_class(
                      ^^^^^^^^^^^^^^^^^^^^^^
  File "/home/nomena/python/lib/python3.12/smtplib.py", line 255, in __init__
    (code, msg) = self.connect(host, port)
                  ^^^^^^^^^^^^^^^^^^^^^^^^
  File "/home/nomena/python/lib/python3.12/smtplib.py", line 341, in connect
    self.sock = self._get_socket(host, port, self.timeout)
                ^^^^^^^^^^^^^^^^^^^^^^^^^^^^^^^^^^^^^^^^^^
  File "/home/nomena/python/lib/python3.12/smtplib.py", line 312, in _get_socket
    return socket.create_connection((host, port), timeout,
           ^^^^^^^^^^^^^^^^^^^^^^^^^^^^^^^^^^^^^^^^^^^^^^^
  File "/home/nomena/python/lib/python3.12/socket.py", line 852, in create_connection
    raise exceptions[0]
  File "/home/nomena/python/lib/python3.12/socket.py", line 837, in create_connection
    sock.connect(sa)
ConnectionRefusedError: [Errno 111] Connection refused
Running update_loans
In update loans
Completed update_loans
Completed with emails: {'count': 0}
=========================================

Running update_loans
In update loans
Completed update_loans
Completed with emails: {'count': 0}
=========================================

Running update_loans
In update loans
Completed update_loans
Completed with emails: {'count': 0}
=========================================

Running update_loans
In update loans
Completed update_loans
Completed with emails: {'count': 0}
=========================================

Running update_loans
In update loans
Completed update_loans
Completed with emails: {'count': 0}
=========================================

Running update_loans
In update loans
Completed update_loans
Completed with emails: {'count': 0}
=========================================

Running update_loans
In update loans
Completed update_loans
Completed with emails: {'count': 0}
=========================================

Running update_loans
In update loans
Completed update_loans
Completed with emails: {'count': 0}
=========================================

Running update_loans
In update loans
Completed update_loans
Completed with emails: {'count': 0}
=========================================

Running update_loans
In update loans
Completed update_loans
Completed with emails: {'count': 0}
=========================================

Running update_loans
In update loans
Completed update_loans
Completed with emails: {'count': 0}
=========================================

Running update_loans
In update loans
Completed update_loans
Completed with emails: {'count': 0}
=========================================

Running update_loans
In update loans
Completed update_loans
Completed with emails: {'count': 0}
=========================================

Running update_loans
In update loans
Traceback (most recent call last):
  File "/home/nomena/Matostheque_App/manage.py", line 15, in <module>
    execute_from_command_line(sys.argv)
  File "/home/nomena/Matostheque_App/matostheque_venv/lib/python3.12/site-packages/django/core/management/__init__.py", line 442, in execute_from_command_line
    utility.execute()
  File "/home/nomena/Matostheque_App/matostheque_venv/lib/python3.12/site-packages/django/core/management/__init__.py", line 436, in execute
    self.fetch_command(subcommand).run_from_argv(self.argv)
  File "/home/nomena/Matostheque_App/matostheque_venv/lib/python3.12/site-packages/django/core/management/base.py", line 413, in run_from_argv
    self.execute(*args, **cmd_options)
  File "/home/nomena/Matostheque_App/matostheque_venv/lib/python3.12/site-packages/django/core/management/base.py", line 459, in execute
    output = self.handle(*args, **options)
             ^^^^^^^^^^^^^^^^^^^^^^^^^^^^^
  File "/home/nomena/Matostheque_App/Matostheque/management/commands/update_loans.py", line 28, in handle
    update_loans(email_count)
  File "/home/nomena/Matostheque_App/Matostheque/views/loan_views.py", line 149, in update_loans
    check_if_should_be_returned(loan, email_count)
  File "/home/nomena/Matostheque_App/Matostheque/controllers/loans_controller.py", line 271, in check_if_should_be_returned
    send_reminder_email(loan)
  File "/home/nomena/Matostheque_App/Matostheque/controllers/emails_controller.py", line 85, in send_reminder_email
    send_mail(subject, plain_message, from_email, [to_email], html_message=html_message) # commenting sendig the email
    ^^^^^^^^^^^^^^^^^^^^^^^^^^^^^^^^^^^^^^^^^^^^^^^^^^^^^^^^^^^^^^^^^^^^^^^^^^^^^^^^^^^^
  File "/home/nomena/Matostheque_App/matostheque_venv/lib/python3.12/site-packages/django/core/mail/__init__.py", line 88, in send_mail
    return mail.send()
           ^^^^^^^^^^^
  File "/home/nomena/Matostheque_App/matostheque_venv/lib/python3.12/site-packages/django/core/mail/message.py", line 300, in send
    return self.get_connection(fail_silently).send_messages([self])
           ^^^^^^^^^^^^^^^^^^^^^^^^^^^^^^^^^^^^^^^^^^^^^^^^^^^^^^^^
  File "/home/nomena/Matostheque_App/matostheque_venv/lib/python3.12/site-packages/django/core/mail/backends/smtp.py", line 128, in send_messages
    new_conn_created = self.open()
                       ^^^^^^^^^^^
  File "/home/nomena/Matostheque_App/matostheque_venv/lib/python3.12/site-packages/django/core/mail/backends/smtp.py", line 86, in open
    self.connection = self.connection_class(
                      ^^^^^^^^^^^^^^^^^^^^^^
  File "/home/nomena/python/lib/python3.12/smtplib.py", line 255, in __init__
    (code, msg) = self.connect(host, port)
                  ^^^^^^^^^^^^^^^^^^^^^^^^
  File "/home/nomena/python/lib/python3.12/smtplib.py", line 341, in connect
    self.sock = self._get_socket(host, port, self.timeout)
                ^^^^^^^^^^^^^^^^^^^^^^^^^^^^^^^^^^^^^^^^^^
  File "/home/nomena/python/lib/python3.12/smtplib.py", line 312, in _get_socket
    return socket.create_connection((host, port), timeout,
           ^^^^^^^^^^^^^^^^^^^^^^^^^^^^^^^^^^^^^^^^^^^^^^^
  File "/home/nomena/python/lib/python3.12/socket.py", line 852, in create_connection
    raise exceptions[0]
  File "/home/nomena/python/lib/python3.12/socket.py", line 837, in create_connection
    sock.connect(sa)
ConnectionRefusedError: [Errno 111] Connection refused
Running update_loans
In update loans
Completed update_loans
Completed with emails: {'count': 0}
=========================================

Running update_loans
In update loans
Completed update_loans
Completed with emails: {'count': 0}
=========================================

Running update_loans
In update loans
Completed update_loans
Completed with emails: {'count': 0}
=========================================

Running update_loans
In update loans
Completed update_loans
Completed with emails: {'count': 0}
=========================================

Running update_loans
In update loans
Completed update_loans
Completed with emails: {'count': 0}
=========================================

Running update_loans
In update loans
Completed update_loans
Completed with emails: {'count': 0}
=========================================

Running update_loans
In update loans
Traceback (most recent call last):
  File "/home/nomena/Matostheque_App/manage.py", line 15, in <module>
    execute_from_command_line(sys.argv)
  File "/home/nomena/Matostheque_App/matostheque_venv/lib/python3.12/site-packages/django/core/management/__init__.py", line 442, in execute_from_command_line
    utility.execute()
  File "/home/nomena/Matostheque_App/matostheque_venv/lib/python3.12/site-packages/django/core/management/__init__.py", line 436, in execute
    self.fetch_command(subcommand).run_from_argv(self.argv)
  File "/home/nomena/Matostheque_App/matostheque_venv/lib/python3.12/site-packages/django/core/management/base.py", line 413, in run_from_argv
    self.execute(*args, **cmd_options)
  File "/home/nomena/Matostheque_App/matostheque_venv/lib/python3.12/site-packages/django/core/management/base.py", line 459, in execute
    output = self.handle(*args, **options)
             ^^^^^^^^^^^^^^^^^^^^^^^^^^^^^
  File "/home/nomena/Matostheque_App/Matostheque/management/commands/update_loans.py", line 28, in handle
    update_loans(email_count)
  File "/home/nomena/Matostheque_App/Matostheque/views/loan_views.py", line 149, in update_loans
    check_if_should_be_returned(loan, email_count)
  File "/home/nomena/Matostheque_App/Matostheque/controllers/loans_controller.py", line 271, in check_if_should_be_returned
    send_reminder_email(loan)
  File "/home/nomena/Matostheque_App/Matostheque/controllers/emails_controller.py", line 85, in send_reminder_email
    send_mail(subject, plain_message, from_email, [to_email], html_message=html_message) # commenting sendig the email
    ^^^^^^^^^^^^^^^^^^^^^^^^^^^^^^^^^^^^^^^^^^^^^^^^^^^^^^^^^^^^^^^^^^^^^^^^^^^^^^^^^^^^
  File "/home/nomena/Matostheque_App/matostheque_venv/lib/python3.12/site-packages/django/core/mail/__init__.py", line 88, in send_mail
    return mail.send()
           ^^^^^^^^^^^
  File "/home/nomena/Matostheque_App/matostheque_venv/lib/python3.12/site-packages/django/core/mail/message.py", line 300, in send
    return self.get_connection(fail_silently).send_messages([self])
           ^^^^^^^^^^^^^^^^^^^^^^^^^^^^^^^^^^^^^^^^^^^^^^^^^^^^^^^^
  File "/home/nomena/Matostheque_App/matostheque_venv/lib/python3.12/site-packages/django/core/mail/backends/smtp.py", line 128, in send_messages
    new_conn_created = self.open()
                       ^^^^^^^^^^^
  File "/home/nomena/Matostheque_App/matostheque_venv/lib/python3.12/site-packages/django/core/mail/backends/smtp.py", line 86, in open
    self.connection = self.connection_class(
                      ^^^^^^^^^^^^^^^^^^^^^^
  File "/home/nomena/python/lib/python3.12/smtplib.py", line 255, in __init__
    (code, msg) = self.connect(host, port)
                  ^^^^^^^^^^^^^^^^^^^^^^^^
  File "/home/nomena/python/lib/python3.12/smtplib.py", line 341, in connect
    self.sock = self._get_socket(host, port, self.timeout)
                ^^^^^^^^^^^^^^^^^^^^^^^^^^^^^^^^^^^^^^^^^^
  File "/home/nomena/python/lib/python3.12/smtplib.py", line 312, in _get_socket
    return socket.create_connection((host, port), timeout,
           ^^^^^^^^^^^^^^^^^^^^^^^^^^^^^^^^^^^^^^^^^^^^^^^
  File "/home/nomena/python/lib/python3.12/socket.py", line 852, in create_connection
    raise exceptions[0]
  File "/home/nomena/python/lib/python3.12/socket.py", line 837, in create_connection
    sock.connect(sa)
ConnectionRefusedError: [Errno 111] Connection refused
Running update_loans
In update loans
Completed update_loans
Completed with emails: {'count': 0}
=========================================

Running update_loans
In update loans
Completed update_loans
Completed with emails: {'count': 0}
=========================================

Running update_loans
In update loans
Completed update_loans
Completed with emails: {'count': 0}
=========================================

Running update_loans
In update loans
Completed update_loans
Completed with emails: {'count': 0}
=========================================

Running update_loans
In update loans
Completed update_loans
Completed with emails: {'count': 0}
=========================================

Running update_loans
In update loans
Completed update_loans
Completed with emails: {'count': 0}
=========================================

Running update_loans
In update loans
Traceback (most recent call last):
  File "/home/nomena/Matostheque_App/manage.py", line 15, in <module>
    execute_from_command_line(sys.argv)
  File "/home/nomena/Matostheque_App/matostheque_venv/lib/python3.12/site-packages/django/core/management/__init__.py", line 442, in execute_from_command_line
    utility.execute()
  File "/home/nomena/Matostheque_App/matostheque_venv/lib/python3.12/site-packages/django/core/management/__init__.py", line 436, in execute
    self.fetch_command(subcommand).run_from_argv(self.argv)
  File "/home/nomena/Matostheque_App/matostheque_venv/lib/python3.12/site-packages/django/core/management/base.py", line 413, in run_from_argv
    self.execute(*args, **cmd_options)
  File "/home/nomena/Matostheque_App/matostheque_venv/lib/python3.12/site-packages/django/core/management/base.py", line 459, in execute
    output = self.handle(*args, **options)
             ^^^^^^^^^^^^^^^^^^^^^^^^^^^^^
  File "/home/nomena/Matostheque_App/Matostheque/management/commands/update_loans.py", line 28, in handle
    update_loans(email_count)
  File "/home/nomena/Matostheque_App/Matostheque/views/loan_views.py", line 149, in update_loans
    check_if_should_be_returned(loan, email_count)
  File "/home/nomena/Matostheque_App/Matostheque/controllers/loans_controller.py", line 271, in check_if_should_be_returned
    send_reminder_email(loan)
  File "/home/nomena/Matostheque_App/Matostheque/controllers/emails_controller.py", line 85, in send_reminder_email
    send_mail(subject, plain_message, from_email, [to_email], html_message=html_message) # commenting sendig the email
    ^^^^^^^^^^^^^^^^^^^^^^^^^^^^^^^^^^^^^^^^^^^^^^^^^^^^^^^^^^^^^^^^^^^^^^^^^^^^^^^^^^^^
  File "/home/nomena/Matostheque_App/matostheque_venv/lib/python3.12/site-packages/django/core/mail/__init__.py", line 88, in send_mail
    return mail.send()
           ^^^^^^^^^^^
  File "/home/nomena/Matostheque_App/matostheque_venv/lib/python3.12/site-packages/django/core/mail/message.py", line 300, in send
    return self.get_connection(fail_silently).send_messages([self])
           ^^^^^^^^^^^^^^^^^^^^^^^^^^^^^^^^^^^^^^^^^^^^^^^^^^^^^^^^
  File "/home/nomena/Matostheque_App/matostheque_venv/lib/python3.12/site-packages/django/core/mail/backends/smtp.py", line 128, in send_messages
    new_conn_created = self.open()
                       ^^^^^^^^^^^
  File "/home/nomena/Matostheque_App/matostheque_venv/lib/python3.12/site-packages/django/core/mail/backends/smtp.py", line 86, in open
    self.connection = self.connection_class(
                      ^^^^^^^^^^^^^^^^^^^^^^
  File "/home/nomena/python/lib/python3.12/smtplib.py", line 255, in __init__
    (code, msg) = self.connect(host, port)
                  ^^^^^^^^^^^^^^^^^^^^^^^^
  File "/home/nomena/python/lib/python3.12/smtplib.py", line 341, in connect
    self.sock = self._get_socket(host, port, self.timeout)
                ^^^^^^^^^^^^^^^^^^^^^^^^^^^^^^^^^^^^^^^^^^
  File "/home/nomena/python/lib/python3.12/smtplib.py", line 312, in _get_socket
    return socket.create_connection((host, port), timeout,
           ^^^^^^^^^^^^^^^^^^^^^^^^^^^^^^^^^^^^^^^^^^^^^^^
  File "/home/nomena/python/lib/python3.12/socket.py", line 852, in create_connection
    raise exceptions[0]
  File "/home/nomena/python/lib/python3.12/socket.py", line 837, in create_connection
    sock.connect(sa)
ConnectionRefusedError: [Errno 111] Connection refused
Running update_loans
In update loans
Completed update_loans
Completed with emails: {'count': 0}
=========================================

Running update_loans
In update loans
Traceback (most recent call last):
  File "/home/nomena/Matostheque_App/manage.py", line 15, in <module>
    execute_from_command_line(sys.argv)
  File "/home/nomena/Matostheque_App/matostheque_venv/lib/python3.12/site-packages/django/core/management/__init__.py", line 442, in execute_from_command_line
    utility.execute()
  File "/home/nomena/Matostheque_App/matostheque_venv/lib/python3.12/site-packages/django/core/management/__init__.py", line 436, in execute
    self.fetch_command(subcommand).run_from_argv(self.argv)
  File "/home/nomena/Matostheque_App/matostheque_venv/lib/python3.12/site-packages/django/core/management/base.py", line 413, in run_from_argv
    self.execute(*args, **cmd_options)
  File "/home/nomena/Matostheque_App/matostheque_venv/lib/python3.12/site-packages/django/core/management/base.py", line 459, in execute
    output = self.handle(*args, **options)
             ^^^^^^^^^^^^^^^^^^^^^^^^^^^^^
  File "/home/nomena/Matostheque_App/Matostheque/management/commands/update_loans.py", line 28, in handle
    update_loans(email_count)
  File "/home/nomena/Matostheque_App/Matostheque/views/loan_views.py", line 149, in update_loans
    check_if_should_be_returned(loan, email_count)
  File "/home/nomena/Matostheque_App/Matostheque/controllers/loans_controller.py", line 271, in check_if_should_be_returned
    send_reminder_email(loan)
  File "/home/nomena/Matostheque_App/Matostheque/controllers/emails_controller.py", line 85, in send_reminder_email
    send_mail(subject, plain_message, from_email, [to_email], html_message=html_message) # commenting sendig the email
    ^^^^^^^^^^^^^^^^^^^^^^^^^^^^^^^^^^^^^^^^^^^^^^^^^^^^^^^^^^^^^^^^^^^^^^^^^^^^^^^^^^^^
  File "/home/nomena/Matostheque_App/matostheque_venv/lib/python3.12/site-packages/django/core/mail/__init__.py", line 88, in send_mail
    return mail.send()
           ^^^^^^^^^^^
  File "/home/nomena/Matostheque_App/matostheque_venv/lib/python3.12/site-packages/django/core/mail/message.py", line 300, in send
    return self.get_connection(fail_silently).send_messages([self])
           ^^^^^^^^^^^^^^^^^^^^^^^^^^^^^^^^^^^^^^^^^^^^^^^^^^^^^^^^
  File "/home/nomena/Matostheque_App/matostheque_venv/lib/python3.12/site-packages/django/core/mail/backends/smtp.py", line 128, in send_messages
    new_conn_created = self.open()
                       ^^^^^^^^^^^
  File "/home/nomena/Matostheque_App/matostheque_venv/lib/python3.12/site-packages/django/core/mail/backends/smtp.py", line 86, in open
    self.connection = self.connection_class(
                      ^^^^^^^^^^^^^^^^^^^^^^
  File "/home/nomena/python/lib/python3.12/smtplib.py", line 255, in __init__
    (code, msg) = self.connect(host, port)
                  ^^^^^^^^^^^^^^^^^^^^^^^^
  File "/home/nomena/python/lib/python3.12/smtplib.py", line 341, in connect
    self.sock = self._get_socket(host, port, self.timeout)
                ^^^^^^^^^^^^^^^^^^^^^^^^^^^^^^^^^^^^^^^^^^
  File "/home/nomena/python/lib/python3.12/smtplib.py", line 312, in _get_socket
    return socket.create_connection((host, port), timeout,
           ^^^^^^^^^^^^^^^^^^^^^^^^^^^^^^^^^^^^^^^^^^^^^^^
  File "/home/nomena/python/lib/python3.12/socket.py", line 852, in create_connection
    raise exceptions[0]
  File "/home/nomena/python/lib/python3.12/socket.py", line 837, in create_connection
    sock.connect(sa)
ConnectionRefusedError: [Errno 111] Connection refused
Running update_loans
In update loans
Completed update_loans
Completed with emails: {'count': 0}
=========================================

Running update_loans
In update loans
Completed update_loans
Completed with emails: {'count': 0}
=========================================

Running update_loans
In update loans
Completed update_loans
Completed with emails: {'count': 0}
=========================================

Running update_loans
In update loans
Completed update_loans
Completed with emails: {'count': 0}
=========================================

Running update_loans
In update loans
Completed update_loans
Completed with emails: {'count': 0}
=========================================

Running update_loans
In update loans
Completed update_loans
Completed with emails: {'count': 0}
=========================================

Running update_loans
In update loans
Completed update_loans
Completed with emails: {'count': 0}
=========================================

Running update_loans
In update loans
Completed update_loans
Completed with emails: {'count': 0}
=========================================

Running update_loans
In update loans
Completed update_loans
Completed with emails: {'count': 0}
=========================================

Running update_loans
In update loans
Completed update_loans
Completed with emails: {'count': 0}
=========================================

Running update_loans
In update loans
Completed update_loans
Completed with emails: {'count': 0}
=========================================

Running update_loans
In update loans
Traceback (most recent call last):
  File "/home/nomena/Matostheque_App/manage.py", line 15, in <module>
    execute_from_command_line(sys.argv)
  File "/home/nomena/Matostheque_App/matostheque_venv/lib/python3.12/site-packages/django/core/management/__init__.py", line 442, in execute_from_command_line
    utility.execute()
  File "/home/nomena/Matostheque_App/matostheque_venv/lib/python3.12/site-packages/django/core/management/__init__.py", line 436, in execute
    self.fetch_command(subcommand).run_from_argv(self.argv)
  File "/home/nomena/Matostheque_App/matostheque_venv/lib/python3.12/site-packages/django/core/management/base.py", line 413, in run_from_argv
    self.execute(*args, **cmd_options)
  File "/home/nomena/Matostheque_App/matostheque_venv/lib/python3.12/site-packages/django/core/management/base.py", line 459, in execute
    output = self.handle(*args, **options)
             ^^^^^^^^^^^^^^^^^^^^^^^^^^^^^
  File "/home/nomena/Matostheque_App/Matostheque/management/commands/update_loans.py", line 28, in handle
    update_loans(email_count)
  File "/home/nomena/Matostheque_App/Matostheque/views/loan_views.py", line 149, in update_loans
    check_if_should_be_returned(loan, email_count)
  File "/home/nomena/Matostheque_App/Matostheque/controllers/loans_controller.py", line 271, in check_if_should_be_returned
    send_reminder_email(loan)
  File "/home/nomena/Matostheque_App/Matostheque/controllers/emails_controller.py", line 85, in send_reminder_email
    send_mail(subject, plain_message, from_email, [to_email], html_message=html_message) # commenting sendig the email
    ^^^^^^^^^^^^^^^^^^^^^^^^^^^^^^^^^^^^^^^^^^^^^^^^^^^^^^^^^^^^^^^^^^^^^^^^^^^^^^^^^^^^
  File "/home/nomena/Matostheque_App/matostheque_venv/lib/python3.12/site-packages/django/core/mail/__init__.py", line 88, in send_mail
    return mail.send()
           ^^^^^^^^^^^
  File "/home/nomena/Matostheque_App/matostheque_venv/lib/python3.12/site-packages/django/core/mail/message.py", line 300, in send
    return self.get_connection(fail_silently).send_messages([self])
           ^^^^^^^^^^^^^^^^^^^^^^^^^^^^^^^^^^^^^^^^^^^^^^^^^^^^^^^^
  File "/home/nomena/Matostheque_App/matostheque_venv/lib/python3.12/site-packages/django/core/mail/backends/smtp.py", line 128, in send_messages
    new_conn_created = self.open()
                       ^^^^^^^^^^^
  File "/home/nomena/Matostheque_App/matostheque_venv/lib/python3.12/site-packages/django/core/mail/backends/smtp.py", line 86, in open
    self.connection = self.connection_class(
                      ^^^^^^^^^^^^^^^^^^^^^^
  File "/home/nomena/python/lib/python3.12/smtplib.py", line 255, in __init__
    (code, msg) = self.connect(host, port)
                  ^^^^^^^^^^^^^^^^^^^^^^^^
  File "/home/nomena/python/lib/python3.12/smtplib.py", line 341, in connect
    self.sock = self._get_socket(host, port, self.timeout)
                ^^^^^^^^^^^^^^^^^^^^^^^^^^^^^^^^^^^^^^^^^^
  File "/home/nomena/python/lib/python3.12/smtplib.py", line 312, in _get_socket
    return socket.create_connection((host, port), timeout,
           ^^^^^^^^^^^^^^^^^^^^^^^^^^^^^^^^^^^^^^^^^^^^^^^
  File "/home/nomena/python/lib/python3.12/socket.py", line 852, in create_connection
    raise exceptions[0]
  File "/home/nomena/python/lib/python3.12/socket.py", line 837, in create_connection
    sock.connect(sa)
ConnectionRefusedError: [Errno 111] Connection refused
Running update_loans
In update loans
Completed update_loans
Completed with emails: {'count': 0}
=========================================

Running update_loans
In update loans
Completed update_loans
Completed with emails: {'count': 0}
=========================================

Running update_loans
In update loans
Completed update_loans
Completed with emails: {'count': 0}
=========================================

Running update_loans
In update loans
Completed update_loans
Completed with emails: {'count': 0}
=========================================

Running update_loans
In update loans
Completed update_loans
Completed with emails: {'count': 0}
=========================================

Running update_loans
In update loans
Completed update_loans
Completed with emails: {'count': 0}
=========================================

Running update_loans
In update loans
Traceback (most recent call last):
  File "/home/nomena/Matostheque_App/manage.py", line 15, in <module>
    execute_from_command_line(sys.argv)
  File "/home/nomena/Matostheque_App/matostheque_venv/lib/python3.12/site-packages/django/core/management/__init__.py", line 442, in execute_from_command_line
    utility.execute()
  File "/home/nomena/Matostheque_App/matostheque_venv/lib/python3.12/site-packages/django/core/management/__init__.py", line 436, in execute
    self.fetch_command(subcommand).run_from_argv(self.argv)
  File "/home/nomena/Matostheque_App/matostheque_venv/lib/python3.12/site-packages/django/core/management/base.py", line 413, in run_from_argv
    self.execute(*args, **cmd_options)
  File "/home/nomena/Matostheque_App/matostheque_venv/lib/python3.12/site-packages/django/core/management/base.py", line 459, in execute
    output = self.handle(*args, **options)
             ^^^^^^^^^^^^^^^^^^^^^^^^^^^^^
  File "/home/nomena/Matostheque_App/Matostheque/management/commands/update_loans.py", line 28, in handle
    update_loans(email_count)
  File "/home/nomena/Matostheque_App/Matostheque/views/loan_views.py", line 149, in update_loans
    check_if_should_be_returned(loan, email_count)
  File "/home/nomena/Matostheque_App/Matostheque/controllers/loans_controller.py", line 271, in check_if_should_be_returned
    send_reminder_email(loan)
  File "/home/nomena/Matostheque_App/Matostheque/controllers/emails_controller.py", line 85, in send_reminder_email
    send_mail(subject, plain_message, from_email, [to_email], html_message=html_message) # commenting sendig the email
    ^^^^^^^^^^^^^^^^^^^^^^^^^^^^^^^^^^^^^^^^^^^^^^^^^^^^^^^^^^^^^^^^^^^^^^^^^^^^^^^^^^^^
  File "/home/nomena/Matostheque_App/matostheque_venv/lib/python3.12/site-packages/django/core/mail/__init__.py", line 88, in send_mail
    return mail.send()
           ^^^^^^^^^^^
  File "/home/nomena/Matostheque_App/matostheque_venv/lib/python3.12/site-packages/django/core/mail/message.py", line 300, in send
    return self.get_connection(fail_silently).send_messages([self])
           ^^^^^^^^^^^^^^^^^^^^^^^^^^^^^^^^^^^^^^^^^^^^^^^^^^^^^^^^
  File "/home/nomena/Matostheque_App/matostheque_venv/lib/python3.12/site-packages/django/core/mail/backends/smtp.py", line 128, in send_messages
    new_conn_created = self.open()
                       ^^^^^^^^^^^
  File "/home/nomena/Matostheque_App/matostheque_venv/lib/python3.12/site-packages/django/core/mail/backends/smtp.py", line 86, in open
    self.connection = self.connection_class(
                      ^^^^^^^^^^^^^^^^^^^^^^
  File "/home/nomena/python/lib/python3.12/smtplib.py", line 255, in __init__
    (code, msg) = self.connect(host, port)
                  ^^^^^^^^^^^^^^^^^^^^^^^^
  File "/home/nomena/python/lib/python3.12/smtplib.py", line 341, in connect
    self.sock = self._get_socket(host, port, self.timeout)
                ^^^^^^^^^^^^^^^^^^^^^^^^^^^^^^^^^^^^^^^^^^
  File "/home/nomena/python/lib/python3.12/smtplib.py", line 312, in _get_socket
    return socket.create_connection((host, port), timeout,
           ^^^^^^^^^^^^^^^^^^^^^^^^^^^^^^^^^^^^^^^^^^^^^^^
  File "/home/nomena/python/lib/python3.12/socket.py", line 852, in create_connection
    raise exceptions[0]
  File "/home/nomena/python/lib/python3.12/socket.py", line 837, in create_connection
    sock.connect(sa)
ConnectionRefusedError: [Errno 111] Connection refused
